# JRE version: OpenJDK Runtime Environment (8.0_152-b01) (build 1.8.0_152-release-915-b01)
# Java VM: OpenJDK 64-Bit Server VM (25.152-b01 mixed mode windows-amd64 compressed oops)
Heap:
 PSYoungGen      total 135168K, used 37031K [0x00000000e0000000, 0x00000000ead00000, 0x0000000100000000)
  eden space 121856K, 19% used [0x00000000e0000000,0x00000000e17529b0,0x00000000e7700000)
  from space 13312K, 98% used [0x00000000e7700000,0x00000000e83d72f8,0x00000000e8400000)
  to   space 14848K, 0% used [0x00000000e9e80000,0x00000000e9e80000,0x00000000ead00000)
 ParOldGen       total 139776K, used 17003K [0x00000000a0000000, 0x00000000a8880000, 0x00000000e0000000)
  object space 139776K, 12% used [0x00000000a0000000,0x00000000a109ae28,0x00000000a8880000)
 Metaspace       used 49279K, capacity 50625K, committed 50648K, reserved 1093632K
  class space    used 6536K, capacity 6908K, committed 6912K, reserved 1048576K
GC Heap History (10 events):
Event: 23.941 GC heap before
{Heap before GC invocations=9 (full 2):
 PSYoungGen      total 82432K, used 9858K [0x00000000e0000000, 0x00000000e7a80000, 0x0000000100000000)
  eden space 71680K, 0% used [0x00000000e0000000,0x00000000e0000000,0x00000000e4600000)
  from space 10752K, 91% used [0x00000000e4600000,0x00000000e4fa0af0,0x00000000e5080000)
  to   space 11264K, 0% used [0x00000000e6f80000,0x00000000e6f80000,0x00000000e7a80000)
 ParOldGen       total 87040K, used 9121K [0x00000000a0000000, 0x00000000a5500000, 0x00000000e0000000)
  object space 87040K, 10% used [0x00000000a0000000,0x00000000a08e84c0,0x00000000a5500000)
 Metaspace       used 34528K, capacity 35225K, committed 35416K, reserved 1079296K
  class space    used 4677K, capacity 4925K, committed 4992K, reserved 1048576K
Event: 24.052 GC heap after
Heap after GC invocations=9 (full 2):
 PSYoungGen      total 82432K, used 0K [0x00000000e0000000, 0x00000000e7a80000, 0x0000000100000000)
  eden space 71680K, 0% used [0x00000000e0000000,0x00000000e0000000,0x00000000e4600000)
  from space 10752K, 0% used [0x00000000e4600000,0x00000000e4600000,0x00000000e5080000)
  to   space 11264K, 0% used [0x00000000e6f80000,0x00000000e6f80000,0x00000000e7a80000)
 ParOldGen       total 139776K, used 15958K [0x00000000a0000000, 0x00000000a8880000, 0x00000000e0000000)
  object space 139776K, 11% used [0x00000000a0000000,0x00000000a0f95bb0,0x00000000a8880000)
 Metaspace       used 34528K, capacity 35225K, committed 35416K, reserved 1079296K
  class space    used 4677K, capacity 4925K, committed 4992K, reserved 1048576K
}
Event: 26.271 GC heap before
{Heap before GC invocations=10 (full 2):
 PSYoungGen      total 82432K, used 71680K [0x00000000e0000000, 0x00000000e7a80000, 0x0000000100000000)
  eden space 71680K, 100% used [0x00000000e0000000,0x00000000e4600000,0x00000000e4600000)
  from space 10752K, 0% used [0x00000000e4600000,0x00000000e4600000,0x00000000e5080000)
  to   space 11264K, 0% used [0x00000000e6f80000,0x00000000e6f80000,0x00000000e7a80000)
 ParOldGen       total 139776K, used 15958K [0x00000000a0000000, 0x00000000a8880000, 0x00000000e0000000)
  object space 139776K, 11% used [0x00000000a0000000,0x00000000a0f95bb0,0x00000000a8880000)
 Metaspace       used 40131K, capacity 40935K, committed 41432K, reserved 1085440K
  class space    used 5332K, capacity 5630K, committed 5632K, reserved 1048576K
Event: 26.286 GC heap after
Heap after GC invocations=10 (full 2):
 PSYoungGen      total 109056K, used 6337K [0x00000000e0000000, 0x00000000e7800000, 0x0000000100000000)
  eden space 100352K, 0% used [0x00000000e0000000,0x00000000e0000000,0x00000000e6200000)
  from space 8704K, 72% used [0x00000000e6f80000,0x00000000e75b0758,0x00000000e7800000)
  to   space 11264K, 0% used [0x00000000e6200000,0x00000000e6200000,0x00000000e6d00000)
 ParOldGen       total 139776K, used 15966K [0x00000000a0000000, 0x00000000a8880000, 0x00000000e0000000)
  object space 139776K, 11% used [0x00000000a0000000,0x00000000a0f97bb0,0x00000000a8880000)
 Metaspace       used 40131K, capacity 40935K, committed 41432K, reserved 1085440K
  class space    used 5332K, capacity 5630K, committed 5632K, reserved 1048576K
}
Event: 33.348 GC heap before
{Heap before GC invocations=11 (full 2):
 PSYoungGen      total 109056K, used 106689K [0x00000000e0000000, 0x00000000e7800000, 0x0000000100000000)
  eden space 100352K, 100% used [0x00000000e0000000,0x00000000e6200000,0x00000000e6200000)
  from space 8704K, 72% used [0x00000000e6f80000,0x00000000e75b0758,0x00000000e7800000)
  to   space 11264K, 0% used [0x00000000e6200000,0x00000000e6200000,0x00000000e6d00000)
 ParOldGen       total 139776K, used 15966K [0x00000000a0000000, 0x00000000a8880000, 0x00000000e0000000)
  object space 139776K, 11% used [0x00000000a0000000,0x00000000a0f97bb0,0x00000000a8880000)
 Metaspace       used 43999K, capacity 45037K, committed 45400K, reserved 1089536K
  class space    used 5912K, capacity 6210K, committed 6272K, reserved 1048576K
Event: 33.377 GC heap after
Heap after GC invocations=11 (full 2):
 PSYoungGen      total 111616K, used 10196K [0x00000000e0000000, 0x00000000e8f80000, 0x0000000100000000)
  eden space 100352K, 0% used [0x00000000e0000000,0x00000000e0000000,0x00000000e6200000)
  from space 11264K, 90% used [0x00000000e6200000,0x00000000e6bf51a0,0x00000000e6d00000)
  to   space 11776K, 0% used [0x00000000e8400000,0x00000000e8400000,0x00000000e8f80000)
 ParOldGen       total 139776K, used 15974K [0x00000000a0000000, 0x00000000a8880000, 0x00000000e0000000)
  object space 139776K, 11% used [0x00000000a0000000,0x00000000a0f99bb0,0x00000000a8880000)
 Metaspace       used 43999K, capacity 45037K, committed 45400K, reserved 1089536K
  class space    used 5912K, capacity 6210K, committed 6272K, reserved 1048576K
}
Event: 36.677 GC heap before
{Heap before GC invocations=12 (full 2):
 PSYoungGen      total 111616K, used 110548K [0x00000000e0000000, 0x00000000e8f80000, 0x0000000100000000)
  eden space 100352K, 100% used [0x00000000e0000000,0x00000000e6200000,0x00000000e6200000)
  from space 11264K, 90% used [0x00000000e6200000,0x00000000e6bf51a0,0x00000000e6d00000)
  to   space 11776K, 0% used [0x00000000e8400000,0x00000000e8400000,0x00000000e8f80000)
 ParOldGen       total 139776K, used 15974K [0x00000000a0000000, 0x00000000a8880000, 0x00000000e0000000)
  object space 139776K, 11% used [0x00000000a0000000,0x00000000a0f99bb0,0x00000000a8880000)
 Metaspace       used 46641K, capacity 47739K, committed 47960K, reserved 1091584K
  class space    used 6179K, capacity 6519K, committed 6528K, reserved 1048576K
Event: 36.692 GC heap after
Heap after GC invocations=12 (full 2):
 PSYoungGen      total 133632K, used 11764K [0x00000000e0000000, 0x00000000e9180000, 0x0000000100000000)
  eden space 121856K, 0% used [0x00000000e0000000,0x00000000e0000000,0x00000000e7700000)
  from space 11776K, 99% used [0x00000000e8400000,0x00000000e8f7d0b8,0x00000000e8f80000)
  to   space 13312K, 0% used [0x00000000e7700000,0x00000000e7700000,0x00000000e8400000)
 ParOldGen       total 139776K, used 16995K [0x00000000a0000000, 0x00000000a8880000, 0x00000000e0000000)
  object space 139776K, 12% used [0x00000000a0000000,0x00000000a1098e28,0x00000000a8880000)
 Metaspace       used 46641K, capacity 47739K, committed 47960K, reserved 1091584K
  class space    used 6179K, capacity 6519K, committed 6528K, reserved 1048576K
}
Event: 40.820 GC heap before
{Heap before GC invocations=13 (full 2):
 PSYoungGen      total 133632K, used 133620K [0x00000000e0000000, 0x00000000e9180000, 0x0000000100000000)
  eden space 121856K, 100% used [0x00000000e0000000,0x00000000e7700000,0x00000000e7700000)
  from space 11776K, 99% used [0x00000000e8400000,0x00000000e8f7d0b8,0x00000000e8f80000)
  to   space 13312K, 0% used [0x00000000e7700000,0x00000000e7700000,0x00000000e8400000)
 ParOldGen       total 139776K, used 16995K [0x00000000a0000000, 0x00000000a8880000, 0x00000000e0000000)
  object space 139776K, 12% used [0x00000000a0000000,0x00000000a1098e28,0x00000000a8880000)
 Metaspace       used 47091K, capacity 48231K, committed 48600K, reserved 1091584K
  class space    used 6221K, capacity 6567K, committed 6656K, reserved 1048576K
Event: 40.835 GC heap after
Heap after GC invocations=13 (full 2):
 PSYoungGen      total 135168K, used 13148K [0x00000000e0000000, 0x00000000ead00000, 0x0000000100000000)
  eden space 121856K, 0% used [0x00000000e0000000,0x00000000e0000000,0x00000000e7700000)
  from space 13312K, 98% used [0x00000000e7700000,0x00000000e83d72f8,0x00000000e8400000)
  to   space 14848K, 0% used [0x00000000e9e80000,0x00000000e9e80000,0x00000000ead00000)
 ParOldGen       total 139776K, used 17003K [0x00000000a0000000, 0x00000000a8880000, 0x00000000e0000000)
  object space 139776K, 12% used [0x00000000a0000000,0x00000000a109ae28,0x00000000a8880000)
 Metaspace       used 47091K, capacity 48231K, committed 48600K, reserved 1091584K
  class space    used 6221K, capacity 6567K, committed 6656K, reserved 1048576K
}

